LOG 2026/04/09
Save Path: D:\Projects\Cat-Work\P-52av\bin\Logs
Task Start: 2026/04/09 00:10:49
Task CommandLine: D:\Projects\Cat-Work\P-52av\bin\N_m3u8DL-RE.exe https://v1.yocoolnet.in/files/mp4/D/d/N/DdNnW4.m3u8?sk=H3Isf7kYEB8IcbmcNpI0vA&se=1775664696 --save-name 大波妹床片流出 --save-dir D:\Projects\Cat-Work\P-52av\Downloads --thread-count 32 --auto-select

00:10:49.824 INFO : N_m3u8DL-RE (Beta version) 20251029
00:10:49.827 EXTRA: ffmpeg => C:\Program Files\ffmpeg-2025-01-13-git-851a84650e-full_build\bin\ffmpeg.exe
00:10:49.827 INFO : 載入URL: https://v1.yocoolnet.in/files/mp4/D/d/N/DdNnW4.m3u8?sk=H3Isf7kYEB8IcbmcNpI0vA&se=1775664696
00:10:50.472 INFO : 內容匹配: HTTP Live Streaming
00:10:50.476 INFO : 正在解析媒體信息...
00:10:50.484 WARN : 寫出meta json
00:10:50.501 INFO : 已解析, 共計 1 條媒體流, 基本流 1 條, 可選音頻流 0 條, 可選字幕流 0 條
00:10:50.507 INFO : Vid Kbps | 59 Segments | ~04m53s
00:10:50.519 INFO : 已選擇的流:
00:10:50.521 INFO : Vid Kbps | 59 Segments | ~04m53s
00:10:50.537 WARN : 寫出meta json
00:10:50.539 INFO : 保存檔案名: 大波妹床片流出
00:10:50.542 INFO : 開始下載...Vid Kbps
00:10:51.187 EXTRA: Ah oh!
RetryCount => 3
Exception  => Response status code does not indicate success: 403 (Forbidden).
Url        => https://v1.yocoolnet.in/files/mp4/D/d/N/DdNnW0.ts?sk=11ivG6_XATEYgNEQjlsmcQ&se=1775671836
00:10:53.015 EXTRA: Ah oh!
RetryCount => 2
Exception  => Response status code does not indicate success: 403 (Forbidden).
Url        => https://v1.yocoolnet.in/files/mp4/D/d/N/DdNnW0.ts?sk=11ivG6_XATEYgNEQjlsmcQ&se=1775671836
00:10:54.449 EXTRA: Ah oh!
RetryCount => 1
Exception  => Response status code does not indicate success: 403 (Forbidden).
Url        => https://v1.yocoolnet.in/files/mp4/D/d/N/DdNnW0.ts?sk=11ivG6_XATEYgNEQjlsmcQ&se=1775671836
00:10:56.172 EXTRA: Ah oh!
RetryCount => 0
Exception  => Response status code does not indicate success: 403 (Forbidden).
Url        => https://v1.yocoolnet.in/files/mp4/D/d/N/DdNnW0.ts?sk=11ivG6_XATEYgNEQjlsmcQ&se=1775671836
00:10:56.172 EXTRA: The retry attempts have been exhausted and the download of this segment has failed.
Exception  => Response status code does not indicate success: 403 (Forbidden).
Url        => https://v1.yocoolnet.in/files/mp4/D/d/N/DdNnW0.ts?sk=11ivG6_XATEYgNEQjlsmcQ&se=1775671836
00:10:56.172 WARN : Response status code does not indicate success: 403 (Forbidden).
