LOG 2026/04/09
Save Path: D:\Projects\Cat-Work\P-52av\bin\Logs
Task Start: 2026/04/09 00:21:36
Task CommandLine: D:\Projects\Cat-Work\P-52av\bin\N_m3u8DL-RE.exe https://v1.yocoolnet.in/files/mp4/D/d/N/DdNnW2.m3u8?sk=lBiHo-KLlROJoC5zD1vMhQ&se=1775665341 --save-name 大波妹床片流出 --save-dir D:\Projects\Cat-Work\P-52av\Downloads --thread-count 8 --auto-select --download-retry-count 10

00:21:36.061 INFO : N_m3u8DL-RE (Beta version) 20251029
00:21:36.063 EXTRA: ffmpeg => C:\Program Files\ffmpeg-2025-01-13-git-851a84650e-full_build\bin\ffmpeg.exe
00:21:36.063 INFO : 載入URL: https://v1.yocoolnet.in/files/mp4/D/d/N/DdNnW2.m3u8?sk=lBiHo-KLlROJoC5zD1vMhQ&se=1775665341
00:21:37.352 INFO : 內容匹配: HTTP Live Streaming
00:21:37.392 INFO : 正在解析媒體信息...
00:21:37.398 WARN : 寫出meta json
00:21:37.400 INFO : 已解析, 共計 1 條媒體流, 基本流 1 條, 可選音頻流 0 條, 可選字幕流 0 條
00:21:37.401 INFO : Vid Kbps | 59 Segments | ~04m53s
00:21:37.402 INFO : 已選擇的流:
00:21:37.403 INFO : Vid Kbps | 59 Segments | ~04m53s
00:21:37.404 WARN : 寫出meta json
00:21:37.410 INFO : 保存檔案名: 大波妹床片流出
00:21:37.412 INFO : 開始下載...Vid Kbps
00:21:40.453 WARN : 讀取媒體訊息...
00:21:40.539 INFO : [0x100]: Video, h264 (High) ([27][0][0][0]), 640x360, 29.97 fps
00:21:40.541 INFO : [0x101]: Audio, aac (LC) ([15][0][0][0]), 137 kb/s
00:21:52.376 INFO : 調用ffmpeg合併中...
00:21:52.806 INFO : Done
